<?xml version="1.0" encoding="UTF-8"?>
<!-- Generated by org.testng.reporters.JUnitReportReporter -->
<testsuite hostname="ATMECSINLT-013" failures="0" tests="1" name="com.atmecs.project.testbase.TestBase" time="13.082" errors="0" timestamp="09 Sep 2019 13:39:10 GMT" skipped="0">
  <testcase classname="com.atmecs.project.testbase.TestBase" name="invokeBrowser" time="13.082"/>
</testsuite> <!-- com.atmecs.project.testbase.TestBase -->
