<?xml version="1.0" encoding="UTF-8"?>
<!-- Generated by org.testng.reporters.JUnitReportReporter -->
<testsuite hostname="ATMECSINLT-013" failures="0" tests="1" name="com.atmecs.yatra.testscripts.testscritp" time="17.915" errors="0" timestamp="11 Sep 2019 14:27:08 GMT" skipped="0">
  <testcase classname="com.atmecs.yatra.testscripts.testscritp" name="openTable" time="17.915"/>
</testsuite> <!-- com.atmecs.yatra.testscripts.testscritp -->
