<?xml version="1.0" encoding="UTF-8"?>
<!-- Generated by org.testng.reporters.JUnitReportReporter -->
<testsuite hostname="ATMECSINLT-013" failures="0" tests="1" name="com.atmecs.yatra.testscripts.testscritp" time="16.113" errors="0" timestamp="13 Sep 2019 09:04:01 GMT" skipped="0">
  <testcase classname="com.atmecs.yatra.testscripts.testscritp" name="openTable" time="16.113"/>
</testsuite> <!-- com.atmecs.yatra.testscripts.testscritp -->
