<?xml version="1.0" encoding="UTF-8"?>
<!-- Generated by org.testng.reporters.JUnitReportReporter -->
<testsuite hostname="ATMECSINLT-013" failures="0" tests="1" name="com.atmecs.yatra.testscripts.TestScript" time="17.989" errors="0" timestamp="13 Sep 2019 14:53:42 GMT" skipped="0">
  <testcase classname="com.atmecs.yatra.testscripts.TestScript" name="HolidayPackage" time="17.989"/>
</testsuite> <!-- com.atmecs.yatra.testscripts.TestScript -->
