<?xml version="1.0" encoding="UTF-8"?>
<!-- Generated by org.testng.reporters.JUnitReportReporter -->
<testsuite hostname="ATMECSINLT-013" failures="0" tests="2" name="com.atmecs.project.testscripts.testscritp" time="13.464" errors="0" timestamp="09 Sep 2019 13:38:22 GMT" skipped="0">
  <testcase classname="com.atmecs.project.testscripts.testscritp" name="openTable" time="0.789"/>
  <testcase classname="com.atmecs.project.testscripts.testscritp" name="invokeBrowser" time="12.675"/>
</testsuite> <!-- com.atmecs.project.testscripts.testscritp -->
