<?xml version="1.0" encoding="UTF-8"?>
<!-- Generated by org.testng.reporters.JUnitReportReporter -->
<testsuite hostname="ATMECSINLT-013" failures="0" tests="1" name="com.atmecs.project.testscripts.testscritp" time="1.031" errors="0" timestamp="09 Sep 2019 14:12:54 GMT" skipped="0">
  <testcase classname="com.atmecs.project.testscripts.testscritp" name="openTable" time="1.031"/>
</testsuite> <!-- com.atmecs.project.testscripts.testscritp -->
